SF:lib/core/utils/extensions.dart
DA:5,9
DA:9,3
DA:10,15
DA:12,18
DA:14,9
DA:17,3
DA:18,12
DA:22,6
DA:23,6
DA:27,3
DA:28,3
DA:29,27
DA:32,3
DA:33,6
DA:34,9
DA:35,9
DA:36,9
DA:39,15
DA:40,15
DA:44,0
DA:45,0
DA:46,0
DA:47,0
DA:48,0
DA:49,0
DA:50,0
DA:51,0
DA:53,0
DA:54,0
DA:55,0
DA:56,0
DA:58,0
DA:59,0
DA:68,9
DA:71,15
LF:35
LH:21
end_of_record
SF:lib/core/utils/validators.dart
DA:4,0
DA:8,12
DA:10,12
DA:12,4
DA:14,12
DA:18,4
DA:19,4
DA:20,8
DA:24,4
DA:25,4
DA:26,8
DA:27,4
DA:33,4
DA:34,4
DA:35,8
DA:36,4
DA:42,4
DA:43,4
DA:44,8
DA:45,8
DA:49,4
DA:50,4
DA:51,4
DA:52,8
DA:59,4
DA:62,4
DA:63,8
DA:64,4
LF:28
LH:27
end_of_record
SF:lib/core/utils/date_utils.dart
DA:5,0
DA:7,6
DA:8,6
DA:9,6
DA:10,6
DA:11,6
DA:14,6
DA:17,6
DA:20,6
DA:23,6
DA:26,6
DA:29,2
DA:30,2
DA:31,2
DA:33,4
DA:34,4
DA:35,8
DA:37,4
DA:38,8
DA:40,4
DA:41,8
DA:42,4
DA:43,16
DA:45,4
DA:46,16
DA:48,16
DA:52,2
DA:53,6
LF:28
LH:27
end_of_record
SF:lib/core/utils/currency_helper.dart
DA:7,1
DA:8,1
DA:9,1
DA:11,1
DA:13,1
DA:15,1
DA:17,1
DA:19,1
DA:21,1
DA:23,1
DA:32,1
DA:33,1
DA:35,2
DA:36,3
DA:37,1
LF:15
LH:15
end_of_record
SF:lib/core/theme/app_colors.dart
DA:6,0
LF:1
LH:0
end_of_record
SF:lib/core/api/endpoints.dart
DA:4,0
DA:14,4
DA:16,4
DA:17,2
DA:18,2
DA:22,4
DA:26,4
DA:30,4
DA:34,4
DA:38,4
DA:42,2
DA:43,2
DA:55,4
DA:56,2
DA:57,2
LF:15
LH:14
end_of_record
SF:lib/core/theme/app_typography.dart
DA:9,0
DA:12,2
DA:13,2
DA:14,2
DA:17,1
DA:18,1
DA:21,1
DA:22,2
DA:23,2
DA:25,1
DA:27,2
DA:32,2
DA:37,2
DA:44,2
DA:49,2
DA:54,2
DA:61,2
DA:66,2
DA:71,2
DA:78,2
DA:83,2
DA:88,2
DA:95,2
DA:100,2
DA:105,2
DA:114,1
DA:115,2
LF:27
LH:26
end_of_record
SF:lib/core/api/api_exceptions.dart
DA:8,1
DA:11,2
DA:12,8
DA:19,1
DA:24,1
DA:31,1
DA:40,10
DA:41,6
DA:48,1
DA:53,1
DA:58,1
DA:65,1
DA:72,1
DA:77,1
DA:82,1
DA:92,1
DA:101,1
DA:108,1
DA:113,1
LF:19
LH:19
end_of_record
SF:lib/core/sync/sync_queue.dart
DA:21,0
DA:23,0
DA:27,0
DA:35,0
DA:41,0
DA:42,0
DA:44,0
DA:45,0
DA:46,0
DA:47,0
DA:49,0
DA:51,0
DA:53,0
DA:61,0
DA:62,0
DA:63,0
DA:64,0
DA:65,0
DA:69,0
DA:70,0
DA:71,0
DA:72,0
DA:73,0
DA:77,0
DA:78,0
DA:84,0
DA:85,0
DA:86,0
DA:87,0
DA:88,0
DA:92,0
DA:94,0
DA:96,0
DA:100,0
DA:101,0
DA:102,0
DA:103,0
DA:104,0
DA:109,0
DA:110,0
DA:111,0
DA:112,0
DA:118,0
LF:43
LH:0
end_of_record
SF:lib/core/sync/sync_queue.g.dart
DA:17,0
DA:36,0
DA:37,0
DA:47,0
DA:48,0
DA:50,0
DA:54,0
DA:56,0
DA:58,0
DA:62,0
DA:63,0
DA:65,0
DA:70,0
LF:13
LH:0
end_of_record
SF:lib/core/database/app_database.g.dart
DA:11,0
DA:113,0
DA:114,0
DA:115,0
DA:116,0
DA:117,0
DA:118,0
DA:119,0
DA:120,0
DA:121,0
DA:122,0
DA:123,0
DA:125,0
DA:126,0
DA:127,0
DA:130,0
DA:135,0
DA:136,0
DA:137,0
DA:138,0
DA:140,0
DA:142,0
DA:143,0
DA:145,0
DA:148,0
DA:150,0
DA:151,0
DA:153,0
DA:156,0
DA:158,0
DA:159,0
DA:161,0
DA:164,0
DA:165,0
DA:167,0
DA:170,0
DA:172,0
DA:173,0
DA:175,0
DA:178,0
DA:179,0
DA:181,0
DA:184,0
DA:185,0
DA:187,0
DA:190,0
DA:192,0
DA:193,0
DA:195,0
DA:196,0
DA:204,0
DA:205,0
DA:206,0
DA:211,0
DA:212,0
DA:213,0
DA:215,0
DA:217,0
DA:219,0
DA:221,0
DA:223,0
DA:225,0
DA:227,0
DA:229,0
DA:231,0
DA:233,0
DA:235,0
DA:237,0
DA:239,0
DA:241,0
DA:243,0
DA:245,0
DA:247,0
DA:252,0
DA:254,0
DA:286,0
DA:297,0
DA:299,0
DA:300,0
DA:301,0
DA:302,0
DA:303,0
DA:304,0
DA:306,0
DA:307,0
DA:308,0
DA:309,0
DA:310,0
DA:311,0
DA:316,0
DA:317,0
DA:318,0
DA:319,0
DA:320,0
DA:321,0
DA:323,0
DA:324,0
DA:325,0
DA:326,0
DA:327,0
DA:328,0
DA:330,0
DA:334,0
DA:338,0
DA:339,0
DA:340,0
DA:341,0
DA:342,0
DA:343,0
DA:344,0
DA:345,0
DA:346,0
DA:347,0
DA:348,0
DA:351,0
DA:353,0
DA:354,0
DA:355,0
DA:356,0
DA:357,0
DA:358,0
DA:359,0
DA:360,0
DA:361,0
DA:362,0
DA:363,0
DA:367,0
DA:377,0
DA:378,0
DA:379,0
DA:380,0
DA:381,0
DA:382,0
DA:383,0
DA:384,0
DA:385,0
DA:386,0
DA:387,0
DA:388,0
DA:390,0
DA:391,0
DA:392,0
DA:393,0
DA:394,0
DA:395,0
DA:396,0
DA:397,0
DA:398,0
DA:399,0
DA:400,0
DA:401,0
DA:402,0
DA:403,0
DA:404,0
DA:408,0
DA:410,0
DA:411,0
DA:412,0
DA:413,0
DA:414,0
DA:415,0
DA:416,0
DA:417,0
DA:418,0
DA:419,0
DA:420,0
DA:421,0
DA:424,0
DA:425,0
DA:426,0
DA:427,0
DA:428,0
DA:429,0
DA:430,0
DA:431,0
DA:432,0
DA:433,0
DA:434,0
DA:436,0
DA:439,0
DA:440,0
DA:441,0
DA:442,0
DA:443,0
DA:444,0
DA:445,0
DA:446,0
DA:447,0
DA:448,0
DA:463,1
DA:475,0
DA:486,0
DA:487,0
DA:488,0
DA:489,0
DA:490,0
DA:491,0
DA:503,0
DA:504,0
DA:505,0
DA:506,0
DA:507,0
DA:508,0
DA:509,0
DA:510,0
DA:511,0
DA:512,0
DA:513,0
DA:517,0
DA:529,0
DA:530,0
DA:531,0
DA:532,0
DA:533,0
DA:534,0
DA:535,0
DA:536,0
DA:537,0
DA:538,0
DA:539,0
DA:543,0
DA:545,0
DA:546,0
DA:547,0
DA:549,0
DA:550,0
DA:552,0
DA:553,0
DA:555,0
DA:556,0
DA:558,0
DA:559,0
DA:561,0
DA:562,0
DA:564,0
DA:565,0
DA:567,0
DA:568,0
DA:570,0
DA:571,0
DA:573,0
DA:574,0
DA:579,0
DA:581,0
DA:582,0
DA:583,0
DA:584,0
DA:585,0
DA:586,0
DA:587,0
DA:588,0
DA:589,0
DA:590,0
DA:591,0
DA:592,0
DA:593,0
DA:602,0
DA:647,0
DA:648,0
DA:649,0
DA:650,0
DA:651,0
DA:652,0
DA:654,0
DA:655,0
DA:656,0
DA:659,0
DA:664,0
DA:665,0
DA:666,0
DA:667,0
DA:669,0
DA:672,0
DA:674,0
DA:675,0
DA:677,0
DA:680,0
DA:682,0
DA:683,0
DA:685,0
DA:688,0
DA:690,0
DA:691,0
DA:693,0
DA:696,0
DA:701,0
DA:702,0
DA:703,0
DA:705,0
DA:706,0
DA:707,0
DA:709,0
DA:711,0
DA:713,0
DA:715,0
DA:717,0
DA:719,0
DA:721,0
DA:726,0
DA:728,0
DA:744,0
DA:750,0
DA:752,0
DA:753,0
DA:754,0
DA:755,0
DA:756,0
DA:760,0
DA:761,0
DA:762,0
DA:763,0
DA:764,0
DA:765,0
DA:769,0
DA:773,0
DA:774,0
DA:775,0
DA:776,0
DA:777,0
DA:778,0
DA:781,0
DA:783,0
DA:784,0
DA:785,0
DA:786,0
DA:787,0
DA:788,0
DA:792,0
DA:797,0
DA:798,0
DA:799,0
DA:800,0
DA:801,0
DA:803,0
DA:804,0
DA:805,0
DA:806,0
DA:807,0
DA:808,0
DA:812,0
DA:814,0
DA:815,0
DA:816,0
DA:817,0
DA:818,0
DA:819,0
DA:820,0
DA:823,0
DA:824,0
DA:825,0
DA:828,0
DA:829,0
DA:830,0
DA:831,0
DA:832,0
DA:841,0
DA:848,0
DA:854,0
DA:855,0
DA:856,0
DA:857,0
DA:858,0
DA:865,0
DA:866,0
DA:867,0
DA:868,0
DA:869,0
DA:870,0
DA:874,0
DA:881,0
DA:882,0
DA:883,0
DA:884,0
DA:885,0
DA:886,0
DA:890,0
DA:892,0
DA:893,0
DA:894,0
DA:896,0
DA:897,0
DA:899,0
DA:900,0
DA:902,0
DA:903,0
DA:905,0
DA:906,0
DA:911,0
DA:913,0
DA:914,0
DA:915,0
DA:916,0
DA:917,0
DA:918,0
DA:919,0
DA:920,0
DA:925,0
DA:926,0
DA:930,0
DA:932,0
DA:933,0
DA:934,0
DA:935,0
DA:936,0
DA:969,0
DA:976,0
DA:977,0
DA:978,0
DA:981,0
DA:982,0
DA:983,0
DA:986,0
DA:987,0
DA:988,0
DA:991,0
DA:992,0
DA:993,0
DA:996,0
DA:997,0
DA:998,0
DA:1001,0
DA:1002,0
DA:1003,0
DA:1006,0
DA:1007,0
DA:1008,0
DA:1011,0
DA:1012,0
DA:1013,0
DA:1016,0
DA:1017,0
DA:1018,0
DA:1024,0
DA:1031,0
DA:1032,0
DA:1033,0
DA:1036,0
DA:1037,0
DA:1038,0
DA:1041,0
DA:1042,0
DA:1043,0
DA:1046,0
DA:1047,0
DA:1048,0
DA:1051,0
DA:1052,0
DA:1053,0
DA:1056,0
DA:1057,0
DA:1058,0
DA:1061,0
DA:1062,0
DA:1063,0
DA:1066,0
DA:1067,0
DA:1068,0
DA:1071,0
DA:1072,0
DA:1073,0
DA:1079,0
DA:1086,0
DA:1087,0
DA:1089,0
DA:1090,0
DA:1092,0
DA:1093,0
DA:1095,0
DA:1096,0
DA:1097,0
DA:1100,0
DA:1101,0
DA:1103,0
DA:1104,0
DA:1106,0
DA:1107,0
DA:1109,0
DA:1110,0
DA:1112,0
DA:1113,0
DA:1114,0
DA:1140,0
DA:1143,0
DA:1144,0
DA:1147,0
DA:1148,0
DA:1149,0
DA:1150,0
DA:1154,0
DA:1155,0
DA:1160,0
DA:1171,0
DA:1184,0
DA:1195,0
DA:1207,0
DA:1208,0
DA:1209,0
DA:1255,0
DA:1262,0
DA:1263,0
DA:1264,0
DA:1267,0
DA:1268,0
DA:1269,0
DA:1272,0
DA:1273,0
DA:1274,0
DA:1277,0
DA:1278,0
DA:1279,0
DA:1285,0
DA:1292,0
DA:1293,0
DA:1294,0
DA:1297,0
DA:1298,0
DA:1299,0
DA:1302,0
DA:1303,0
DA:1304,0
DA:1307,0
DA:1308,0
DA:1309,0
DA:1315,0
DA:1322,0
DA:1323,0
DA:1325,0
DA:1326,0
DA:1328,0
DA:1329,0
DA:1331,0
DA:1332,0
DA:1353,0
DA:1354,0
DA:1355,0
DA:1358,0
DA:1359,0
DA:1360,0
DA:1361,0
DA:1362,0
DA:1363,0
DA:1365,0
DA:1371,0
DA:1379,0
DA:1385,0
DA:1392,0
DA:1393,0
DA:1394,0
DA:1420,0
DA:1421,0
DA:1422,0
DA:1423,0
DA:1424,0
DA:1435,0
DA:1440,0
DA:1441,0
DA:1451,0
DA:1452,0
DA:1454,0
DA:1457,0
DA:1459,0
DA:1461,0
DA:1465,0
DA:1466,0
DA:1468,0
DA:1473,0
LF:566
LH:1
end_of_record
SF:lib/core/database/app_database.dart
DA:23,0
DA:25,0
DA:28,0
DA:29,0
DA:30,0
DA:31,0
DA:32,0
DA:34,0
DA:42,0
DA:43,0
DA:44,0
DA:45,0
DA:46,0
DA:52,0
DA:54,0
DA:55,0
LF:16
LH:0
end_of_record
SF:lib/core/database/tables/cache_table.dart
DA:11,0
DA:14,0
DA:17,0
DA:20,0
DA:22,0
DA:23,0
LF:6
LH:0
end_of_record
SF:lib/core/database/tables/sync_operations_table.dart
DA:11,0
DA:15,0
DA:18,0
DA:21,0
DA:24,0
DA:27,0
DA:30,0
DA:33,0
DA:36,0
DA:39,0
DA:41,0
DA:42,0
LF:12
LH:0
end_of_record
SF:lib/core/utils/app_logger.dart
DA:11,0
DA:25,0
DA:26,0
DA:27,0
DA:28,0
DA:29,0
DA:32,0
DA:33,0
DA:34,0
DA:35,0
DA:36,0
DA:49,0
DA:54,0
DA:57,0
DA:59,0
DA:60,0
DA:69,0
DA:76,0
DA:79,0
DA:80,0
DA:84,0
DA:85,0
DA:89,0
DA:90,0
DA:91,0
DA:96,0
DA:97,0
DA:98,0
DA:101,0
DA:102,0
DA:103,0
DA:106,0
DA:107,0
DA:108,0
DA:111,0
DA:112,0
DA:113,0
DA:118,0
DA:127,0
DA:128,0
DA:130,0
DA:131,0
DA:138,0
DA:139,0
DA:142,0
DA:145,0
DA:146,0
DA:147,0
LF:48
LH:0
end_of_record
SF:lib/core/router/route_names.dart
DA:4,0
DA:66,0
LF:2
LH:0
end_of_record
SF:lib/shared/widgets/stat_card.dart
DA:26,2
DA:45,2
DA:47,4
DA:48,4
DA:49,4
DA:50,2
DA:51,6
DA:55,0
DA:56,4
DA:58,0
DA:59,4
DA:61,2
DA:63,2
DA:65,2
DA:66,2
DA:67,4
DA:68,4
DA:69,2
DA:70,2
DA:71,2
DA:73,2
DA:74,2
DA:76,2
DA:79,2
DA:81,2
DA:84,4
DA:86,2
DA:89,2
DA:90,2
DA:93,2
DA:95,2
DA:96,2
DA:101,0
DA:102,2
DA:103,2
DA:107,2
DA:112,2
DA:113,2
DA:114,4
DA:115,4
DA:116,2
DA:126,4
DA:128,2
DA:129,2
DA:130,2
DA:138,4
DA:139,2
DA:141,2
DA:144,4
DA:158,2
DA:163,2
DA:165,2
DA:167,2
DA:172,2
DA:173,4
DA:174,2
DA:175,2
DA:176,4
DA:180,2
DA:182,2
DA:183,2
DA:184,2
DA:191,2
DA:192,2
DA:193,8
LF:65
LH:62
end_of_record
SF:lib/core/theme/app_breakpoints.dart
DA:22,0
DA:23,0
DA:25,0
DA:26,0
DA:27,0
DA:30,2
DA:31,6
DA:33,0
DA:34,0
DA:36,0
DA:37,0
DA:42,1
DA:48,2
DA:49,1
DA:50,1
DA:57,0
DA:63,0
DA:69,1
DA:70,1
DA:73,0
DA:74,0
DA:77,0
DA:78,0
DA:80,0
DA:84,0
DA:85,0
DA:97,0
DA:98,0
DA:100,0
DA:101,0
DA:104,0
DA:105,0
DA:106,0
DA:107,0
DA:108,0
LF:35
LH:8
end_of_record
SF:lib/core/theme/app_radius.dart
DA:52,0
DA:54,4
DA:55,0
DA:56,0
DA:57,0
DA:58,0
DA:59,0
DA:60,0
DA:61,0
DA:62,0
DA:63,0
LF:11
LH:1
end_of_record
SF:lib/shared/widgets/fade_slide_in.dart
DA:16,1
DA:32,2
DA:33,2
DA:42,2
DA:44,2
DA:45,8
DA:46,6
DA:47,4
DA:50,6
DA:52,6
DA:53,4
DA:55,8
DA:56,6
DA:61,2
DA:63,4
DA:64,2
DA:67,2
DA:68,2
DA:69,2
DA:70,8
LF:20
LH:20
end_of_record
SF:lib/features/settings/data/settings_model.dart
DA:28,1
DA:29,1
DA:51,1
DA:52,1
DA:77,1
DA:78,1
DA:106,1
DA:107,1
DA:130,0
DA:131,0
DA:146,0
DA:147,0
DA:166,0
DA:167,0
LF:14
LH:8
end_of_record
SF:lib/features/settings/data/settings_model.g.dart
DA:9,1
DA:10,1
DA:11,1
DA:12,1
DA:13,1
DA:14,1
DA:15,1
DA:16,1
DA:17,1
DA:18,1
DA:19,1
DA:21,1
DA:22,2
DA:23,1
DA:26,1
DA:27,2
DA:28,1
DA:30,2
DA:31,1
DA:34,0
DA:35,0
DA:36,0
DA:37,0
DA:38,0
DA:39,0
DA:40,0
DA:41,0
DA:42,0
DA:43,0
DA:44,0
DA:45,0
DA:46,0
DA:47,0
DA:48,0
DA:51,1
DA:52,1
DA:53,1
DA:54,1
DA:55,1
DA:56,1
DA:57,1
DA:58,1
DA:59,1
DA:60,1
DA:61,1
DA:62,1
DA:63,1
DA:64,1
DA:67,0
DA:68,0
DA:69,0
DA:70,0
DA:71,0
DA:72,0
DA:73,0
DA:74,0
DA:75,0
DA:76,0
DA:77,0
DA:78,0
DA:79,0
DA:80,0
DA:83,1
DA:84,1
DA:85,1
DA:86,1
DA:87,1
DA:88,1
DA:89,1
DA:90,1
DA:91,1
DA:92,1
DA:93,1
DA:94,1
DA:95,1
DA:96,1
DA:97,1
DA:98,2
DA:99,1
DA:102,0
DA:103,0
DA:104,0
DA:105,0
DA:106,0
DA:107,0
DA:108,0
DA:109,0
DA:110,0
DA:111,0
DA:112,0
DA:113,0
DA:114,0
DA:115,0
DA:116,0
DA:117,0
DA:118,0
DA:121,1
DA:122,1
DA:123,1
DA:125,1
DA:127,1
DA:128,1
DA:129,1
DA:130,1
DA:131,1
DA:132,1
DA:133,1
DA:134,1
DA:135,1
DA:136,1
DA:137,1
DA:138,1
DA:139,1
DA:140,1
DA:141,1
DA:142,1
DA:145,0
DA:146,0
DA:147,0
DA:148,0
DA:149,0
DA:150,0
DA:151,0
DA:152,0
DA:153,0
DA:154,0
DA:155,0
DA:156,0
DA:157,0
DA:158,0
DA:159,0
DA:160,0
DA:161,0
DA:162,0
DA:163,0
DA:164,0
DA:167,0
DA:168,0
DA:169,0
DA:170,0
DA:171,0
DA:172,0
DA:173,0
DA:174,0
DA:175,0
DA:176,0
DA:177,0
DA:178,0
DA:179,0
DA:180,0
DA:181,0
DA:184,0
DA:185,0
DA:186,0
DA:187,0
DA:188,0
DA:189,0
DA:190,0
DA:191,0
DA:192,0
DA:193,0
DA:194,0
DA:195,0
DA:196,0
DA:197,0
DA:198,0
DA:201,0
DA:203,0
DA:204,0
DA:205,0
DA:206,0
DA:207,0
DA:208,0
DA:211,0
DA:213,0
DA:214,0
DA:215,0
DA:216,0
DA:217,0
DA:218,0
DA:221,0
DA:222,0
DA:223,0
DA:224,0
DA:225,0
DA:226,0
DA:227,0
DA:228,0
DA:229,0
DA:231,0
DA:232,0
DA:234,0
DA:237,0
DA:238,0
DA:239,0
DA:240,0
DA:241,0
DA:242,0
DA:243,0
DA:244,0
DA:245,0
DA:246,0
DA:247,0
LF:203
LH:70
end_of_record
SF:lib/features/calendar/data/booking_model.dart
DA:13,1
DA:14,1
DA:37,1
DA:38,1
DA:76,1
DA:77,1
DA:95,1
DA:110,2
DA:111,3
DA:112,4
DA:113,2
DA:114,2
DA:115,3
DA:116,3
DA:117,2
DA:118,2
DA:119,3
DA:120,2
DA:121,3
DA:122,3
LF:20
LH:20
end_of_record
SF:lib/features/calendar/data/booking_model.g.dart
DA:9,1
DA:10,2
DA:12,0
DA:13,0
DA:15,2
DA:16,1
DA:17,2
DA:18,1
DA:20,2
DA:21,1
DA:22,1
DA:23,1
DA:24,1
DA:25,2
DA:26,1
DA:27,1
DA:28,1
DA:29,1
DA:31,2
DA:32,2
DA:33,2
DA:36,0
DA:37,0
DA:38,0
DA:39,0
DA:40,0
DA:41,0
DA:42,0
DA:43,0
DA:44,0
DA:45,0
DA:46,0
DA:47,0
DA:48,0
DA:49,0
DA:50,0
DA:51,0
DA:54,1
DA:55,1
DA:56,1
DA:57,2
DA:58,1
DA:60,0
DA:61,1
DA:62,1
DA:63,1
DA:64,1
DA:65,1
DA:66,2
DA:67,1
DA:68,1
DA:70,0
DA:71,1
DA:72,1
DA:74,0
DA:75,1
DA:76,1
DA:77,1
DA:78,1
DA:79,1
DA:80,1
DA:81,1
DA:82,1
DA:84,0
DA:85,1
DA:86,1
DA:87,2
DA:88,1
DA:89,1
DA:90,1
DA:92,0
DA:93,2
DA:94,2
DA:97,0
DA:98,0
DA:99,0
DA:100,0
DA:101,0
DA:102,0
DA:103,0
DA:104,0
DA:105,0
DA:106,0
DA:107,0
DA:108,0
DA:109,0
DA:110,0
DA:111,0
DA:112,0
DA:113,0
DA:114,0
DA:115,0
DA:116,0
DA:117,0
DA:118,0
DA:119,0
DA:120,0
DA:121,0
DA:122,0
DA:123,0
DA:124,0
DA:125,0
DA:126,0
DA:127,0
LF:104
LH:50
end_of_record
SF:lib/features/testimonials/data/testimonial_model.dart
DA:29,1
DA:30,1
DA:62,1
DA:63,1
DA:85,2
DA:104,4
DA:105,4
DA:106,4
DA:107,2
DA:108,6
DA:109,2
DA:110,4
DA:111,2
DA:112,2
DA:113,2
DA:114,4
DA:115,4
DA:116,4
DA:117,2
DA:118,2
DA:119,4
DA:120,4
LF:22
LH:22
end_of_record
SF:lib/features/testimonials/data/testimonial_model.g.dart
DA:9,1
DA:10,1
DA:11,1
DA:12,1
DA:13,1
DA:14,1
DA:15,1
DA:16,1
DA:17,2
DA:18,1
DA:19,1
DA:20,1
DA:21,1
DA:22,2
DA:23,2
DA:24,2
DA:25,2
DA:28,0
DA:29,0
DA:30,0
DA:31,0
DA:32,0
DA:33,0
DA:34,0
DA:35,0
DA:36,0
DA:37,0
DA:38,0
DA:39,0
DA:40,0
DA:41,0
DA:42,0
DA:43,0
DA:44,0
DA:47,1
DA:48,1
DA:49,1
DA:50,1
DA:51,1
DA:52,1
DA:53,1
DA:54,1
DA:55,1
DA:56,1
DA:57,1
DA:58,1
DA:59,1
DA:60,1
DA:61,1
DA:62,1
DA:63,1
DA:64,1
DA:65,1
DA:66,1
DA:68,0
DA:69,1
DA:70,1
DA:71,1
DA:72,2
DA:73,2
DA:76,0
DA:77,0
DA:78,0
DA:79,0
DA:80,0
DA:81,0
DA:82,0
DA:83,0
DA:84,0
DA:85,0
DA:86,0
DA:87,0
DA:88,0
DA:89,0
DA:90,0
DA:91,0
DA:92,0
DA:93,0
DA:94,0
DA:95,0
DA:96,0
DA:97,0
DA:98,0
DA:99,0
DA:100,0
LF:85
LH:42
end_of_record
SF:lib/features/projects/data/project_model.dart
DA:17,1
DA:18,1
DA:32,1
DA:33,1
DA:58,1
DA:59,1
DA:98,1
DA:99,1
DA:106,1
DA:144,2
DA:145,2
DA:146,2
DA:147,2
DA:148,1
DA:149,2
DA:150,1
DA:151,1
DA:152,1
DA:153,1
DA:154,1
DA:155,2
DA:156,1
DA:157,1
DA:158,2
DA:159,2
DA:160,2
DA:161,2
LF:27
LH:27
end_of_record
SF:lib/features/projects/data/project_model.g.dart
DA:9,1
DA:10,1
DA:11,1
DA:12,1
DA:13,1
DA:16,1
DA:17,1
DA:18,1
DA:19,1
DA:20,1
DA:23,1
DA:24,1
DA:25,1
DA:26,1
DA:27,1
DA:28,2
DA:31,1
DA:32,1
DA:33,1
DA:34,1
DA:35,1
DA:36,1
DA:39,1
DA:40,1
DA:41,1
DA:42,1
DA:43,1
DA:44,1
DA:45,1
DA:46,1
DA:47,1
DA:48,1
DA:49,1
DA:50,1
DA:51,2
DA:52,1
DA:53,1
DA:54,1
DA:55,1
DA:59,1
DA:60,1
DA:61,1
DA:62,1
DA:63,1
DA:64,1
DA:65,1
DA:66,1
DA:67,1
DA:68,1
DA:69,1
DA:70,1
DA:71,1
DA:72,1
DA:73,1
DA:74,1
DA:77,1
DA:78,1
DA:79,1
DA:80,1
DA:81,1
DA:82,1
DA:83,1
DA:84,1
DA:85,1
DA:86,1
DA:87,1
DA:88,1
DA:89,1
DA:91,4
DA:93,1
DA:94,1
DA:96,1
DA:97,0
DA:98,0
DA:100,1
DA:101,1
DA:102,1
DA:103,1
DA:104,1
DA:105,1
DA:106,1
DA:107,1
DA:108,1
DA:109,1
DA:110,1
DA:111,1
DA:112,1
DA:115,1
DA:116,3
DA:117,1
DA:121,1
DA:122,1
DA:123,1
DA:124,1
DA:125,1
DA:126,1
DA:127,1
DA:128,1
DA:129,1
DA:130,1
DA:131,1
DA:132,1
DA:133,1
DA:134,1
DA:135,1
DA:136,1
DA:137,1
DA:138,1
DA:139,1
DA:140,1
DA:141,1
DA:142,1
DA:143,1
DA:144,1
DA:145,1
DA:146,1
DA:147,1
DA:148,1
DA:149,1
DA:150,1
LF:120
LH:118
end_of_record
SF:lib/features/contacts/data/contact_model.dart
DA:30,1
DA:31,1
DA:68,1
DA:69,1
LF:4
LH:4
end_of_record
SF:lib/features/contacts/data/contact_model.g.dart
DA:9,2
DA:10,1
DA:11,1
DA:12,1
DA:13,1
DA:14,1
DA:15,1
DA:16,1
DA:17,1
DA:18,1
DA:19,1
DA:21,0
DA:22,1
DA:24,0
DA:25,2
DA:26,1
DA:28,4
DA:30,2
DA:31,2
DA:34,0
DA:35,0
DA:36,0
DA:37,0
DA:38,0
DA:39,0
DA:40,0
DA:41,0
DA:42,0
DA:43,0
DA:44,0
DA:45,0
DA:46,0
DA:47,0
DA:48,0
DA:49,0
DA:50,0
DA:51,0
DA:54,1
DA:55,1
DA:56,1
DA:57,1
DA:58,1
DA:59,1
DA:60,1
DA:61,1
DA:62,1
DA:63,2
DA:64,1
DA:65,1
DA:66,1
DA:67,1
DA:68,1
DA:69,1
DA:71,0
DA:72,1
DA:73,1
DA:74,1
DA:76,0
DA:77,1
DA:78,1
DA:79,1
DA:81,4
DA:83,1
DA:84,1
DA:85,1
DA:86,1
DA:87,1
DA:88,2
DA:89,2
DA:92,0
DA:93,0
DA:94,0
DA:95,0
DA:96,0
DA:97,0
DA:98,0
DA:99,0
DA:100,0
DA:101,0
DA:102,0
DA:103,0
DA:104,0
DA:105,0
DA:106,0
DA:107,0
DA:108,0
DA:109,0
DA:110,0
DA:111,0
DA:112,0
DA:113,0
DA:114,0
DA:115,0
DA:116,0
DA:117,0
DA:118,0
DA:119,0
DA:120,0
DA:121,0
LF:99
LH:47
end_of_record
SF:lib/features/trash/data/trash_model.dart
DA:14,2
DA:16,2
DA:17,2
DA:18,2
DA:20,2
DA:21,2
DA:24,4
DA:30,2
DA:39,2
LF:9
LH:9
end_of_record
SF:lib/features/categories/data/category_model.dart
DA:25,1
DA:26,1
DA:52,1
DA:53,1
DA:65,1
DA:73,2
DA:74,2
DA:75,2
DA:76,1
DA:77,1
DA:78,2
LF:11
LH:11
end_of_record
SF:lib/features/categories/data/category_model.g.dart
DA:9,1
DA:10,1
DA:11,1
DA:12,1
DA:13,1
DA:14,1
DA:15,1
DA:16,2
DA:17,1
DA:18,2
DA:19,1
DA:20,1
DA:23,0
DA:24,0
DA:25,0
DA:26,0
DA:27,0
DA:28,0
DA:29,0
DA:30,0
DA:31,0
DA:32,0
DA:33,0
DA:34,0
DA:37,1
DA:38,1
DA:39,1
DA:40,1
DA:41,1
DA:42,1
DA:43,1
DA:44,1
DA:45,1
DA:46,1
DA:48,1
DA:49,2
DA:50,1
DA:52,1
DA:53,2
DA:54,1
DA:55,2
DA:56,1
DA:57,1
DA:60,0
DA:61,0
DA:62,0
DA:63,0
DA:64,0
DA:65,0
DA:66,0
DA:67,0
DA:68,0
DA:69,0
DA:70,0
DA:71,0
DA:72,0
DA:73,0
DA:74,0
DA:75,0
DA:76,0
LF:60
LH:31
end_of_record
SF:lib/features/dashboard/data/dashboard_repository.dart
DA:25,0
DA:26,0
DA:41,0
DA:42,0
DA:74,2
DA:75,2
DA:86,2
DA:87,2
DA:100,1
DA:101,1
DA:108,0
DA:113,0
DA:114,0
DA:117,0
DA:119,0
DA:121,0
DA:122,0
DA:124,0
DA:128,0
DA:129,0
DA:132,0
DA:134,0
DA:136,0
DA:137,0
DA:139,0
DA:145,0
DA:151,0
DA:152,0
LF:28
LH:6
end_of_record
SF:lib/features/dashboard/data/dashboard_repository.g.dart
DA:9,0
DA:10,0
DA:11,0
DA:12,0
DA:13,0
DA:14,0
DA:15,0
DA:17,0
DA:18,0
DA:19,0
DA:23,0
DA:24,0
DA:25,0
DA:26,0
DA:27,0
DA:28,0
DA:29,0
DA:30,0
DA:33,0
DA:34,0
DA:35,0
DA:36,0
DA:37,0
DA:38,0
DA:41,0
DA:42,0
DA:43,0
DA:44,0
DA:45,0
DA:46,0
DA:49,2
DA:50,2
DA:51,4
DA:52,4
DA:53,4
DA:54,4
DA:55,4
DA:56,4
DA:57,2
DA:58,2
DA:59,4
DA:60,2
DA:62,2
DA:63,0
DA:67,2
DA:68,0
DA:69,0
DA:72,2
DA:73,0
DA:74,0
DA:78,1
DA:79,1
DA:80,1
DA:81,1
DA:82,1
DA:83,1
DA:84,1
DA:85,1
DA:86,1
DA:87,1
DA:88,1
DA:89,1
DA:90,1
DA:91,1
DA:92,1
DA:95,2
DA:96,2
DA:97,2
DA:98,4
DA:101,1
DA:102,3
DA:104,1
DA:105,1
DA:107,1
DA:108,3
DA:109,1
DA:112,1
DA:113,3
DA:114,1
DA:118,0
DA:119,0
DA:120,0
DA:121,0
DA:132,0
DA:142,0
DA:143,0
DA:153,0
DA:154,0
DA:156,0
DA:160,0
DA:162,0
DA:164,0
DA:168,0
DA:169,0
DA:171,0
DA:176,0
LF:96
LH:44
end_of_record
SF:lib/core/api/api_client.dart
DA:17,0
DA:19,0
DA:20,0
DA:21,0
DA:29,0
DA:30,0
DA:31,0
DA:32,0
DA:39,0
DA:40,0
DA:44,0
DA:45,0
DA:46,0
DA:47,0
DA:53,0
DA:58,0
DA:59,0
DA:60,0
DA:61,0
DA:62,0
DA:63,0
DA:69,0
DA:75,0
DA:80,0
DA:81,0
DA:82,0
DA:86,0
DA:93,0
DA:99,0
DA:100,0
DA:101,0
DA:105,0
DA:107,0
DA:112,0
DA:113,0
DA:114,0
DA:118,0
DA:120,0
DA:125,0
DA:126,0
DA:127,0
DA:131,0
DA:133,0
DA:138,0
DA:139,0
DA:140,0
DA:146,0
DA:152,0
DA:156,0
DA:158,0
DA:159,0
DA:160,0
DA:168,0
DA:170,0
DA:173,0
DA:175,0
DA:177,0
DA:178,0
DA:179,0
DA:180,0
DA:181,0
DA:182,0
DA:183,0
DA:188,0
DA:193,0
DA:194,0
DA:198,0
DA:199,0
DA:201,0
DA:202,0
DA:204,0
DA:205,0
DA:206,0
DA:208,0
DA:213,0
DA:216,0
DA:217,0
DA:218,0
DA:219,0
DA:220,0
DA:221,0
DA:222,0
DA:226,0
DA:227,0
DA:228,0
DA:229,0
LF:86
LH:0
end_of_record
SF:lib/core/config/app_constants.dart
DA:4,0
LF:1
LH:0
end_of_record
SF:lib/core/config/env_config.dart
DA:7,0
DA:13,0
DA:14,0
DA:15,0
DA:21,0
DA:24,0
DA:25,0
DA:26,0
DA:31,0
DA:32,0
DA:35,0
LF:11
LH:0
end_of_record
SF:lib/core/debug/server_url_provider.dart
DA:35,0
DA:37,0
DA:40,0
DA:43,0
DA:45,0
DA:47,0
DA:56,2
DA:61,0
DA:63,0
DA:64,0
DA:65,0
DA:66,0
DA:81,0
DA:83,0
DA:87,0
DA:89,0
DA:90,0
DA:91,0
DA:92,0
DA:93,0
DA:94,0
DA:96,0
DA:97,0
DA:99,0
DA:101,0
DA:105,0
DA:106,0
DA:108,0
DA:109,0
DA:111,0
DA:112,0
DA:116,0
DA:117,0
DA:119,0
DA:120,0
DA:121,0
DA:123,0
DA:131,0
LF:38
LH:1
end_of_record
SF:lib/core/api/api_interceptors.dart
DA:15,0
DA:19,0
DA:20,0
DA:21,0
DA:22,0
DA:25,0
DA:30,0
DA:31,0
DA:32,0
DA:34,0
DA:37,0
DA:39,0
DA:40,0
DA:41,0
DA:42,0
DA:43,0
DA:44,0
DA:47,0
DA:56,0
DA:68,0
DA:74,0
DA:75,0
DA:76,0
DA:82,0
DA:85,0
DA:86,0
DA:87,0
DA:95,0
DA:104,0
DA:108,0
DA:113,0
DA:114,0
DA:116,0
DA:119,0
DA:122,0
DA:123,0
DA:124,0
DA:125,0
DA:128,0
DA:130,0
DA:133,0
DA:134,0
DA:135,0
DA:136,0
DA:140,0
DA:141,0
DA:142,0
DA:143,0
LF:48
LH:0
end_of_record
SF:lib/core/api/auth_interceptor.dart
DA:22,0
DA:37,0
DA:43,0
DA:44,0
DA:47,0
DA:48,0
DA:51,0
DA:54,0
DA:63,0
DA:68,0
DA:69,0
DA:72,0
DA:73,0
DA:76,0
DA:78,0
DA:80,0
DA:81,0
DA:83,0
DA:84,0
DA:86,0
DA:90,0
DA:93,0
DA:96,0
DA:99,0
DA:101,0
DA:102,0
DA:104,0
DA:107,0
DA:109,0
DA:110,0
DA:111,0
DA:112,0
DA:113,0
DA:114,0
DA:115,0
DA:117,0
DA:118,0
DA:119,0
DA:120,0
DA:122,0
DA:130,0
DA:137,0
DA:142,0
DA:143,0
DA:144,0
DA:152,0
DA:154,0
DA:156,0
DA:157,0
DA:159,0
DA:160,0
DA:168,0
DA:169,0
DA:172,0
DA:173,0
DA:181,0
DA:182,0
DA:184,0
DA:187,0
DA:188,0
DA:189,0
DA:191,0
DA:192,0
DA:193,0
DA:194,0
DA:195,0
DA:199,0
DA:200,0
DA:201,0
DA:202,0
DA:207,0
DA:208,0
DA:209,0
DA:211,0
DA:219,0
DA:222,0
DA:223,0
DA:224,0
DA:226,0
DA:229,0
DA:230,0
DA:231,0
DA:238,0
DA:239,0
DA:242,0
DA:243,0
DA:246,0
DA:249,0
DA:250,0
DA:251,0
DA:255,0
DA:265,0
DA:270,0
DA:272,0
DA:274,0
LF:95
LH:0
end_of_record
SF:lib/core/auth/session_signal.dart
DA:9,0
DA:14,0
DA:29,0
LF:3
LH:0
end_of_record
SF:lib/core/auth/token_storage.dart
DA:11,0
DA:16,0
DA:26,0
DA:27,0
DA:30,0
DA:31,0
DA:34,0
DA:35,0
DA:40,0
DA:41,0
DA:44,0
DA:45,0
DA:48,0
DA:49,0
DA:56,0
DA:57,0
DA:61,0
DA:62,0
DA:65,0
DA:67,0
DA:72,0
DA:73,0
DA:78,0
DA:79,0
DA:82,0
DA:83,0
DA:86,0
DA:87,0
DA:88,0
DA:89,0
DA:96,0
DA:98,0
DA:99,0
DA:100,0
DA:101,0
DA:102,0
DA:103,0
DA:106,0
DA:111,0
DA:112,0
DA:113,0
LF:41
LH:0
end_of_record
SF:lib/core/auth/auth_state.dart
DA:26,0
DA:27,0
LF:2
LH:0
end_of_record
SF:lib/core/auth/auth_state.g.dart
DA:9,0
DA:10,0
DA:11,0
DA:12,0
DA:13,0
DA:14,0
DA:15,0
DA:16,0
DA:17,0
DA:18,0
DA:20,0
DA:21,0
DA:23,0
DA:24,0
DA:26,0
DA:29,0
DA:30,0
DA:31,0
DA:32,0
DA:33,0
DA:34,0
DA:35,0
DA:36,0
DA:37,0
DA:38,0
DA:39,0
DA:40,0
DA:41,0
LF:28
LH:0
end_of_record
SF:lib/shared/models/api_response.dart
DA:20,1
DA:23,1
LF:2
LH:2
end_of_record
SF:lib/shared/models/api_response.g.dart
DA:9,1
DA:12,1
DA:13,1
DA:14,2
DA:15,1
DA:16,1
DA:19,0
DA:22,0
DA:23,0
DA:24,0
DA:25,0
DA:26,0
DA:29,1
DA:32,1
DA:34,0
DA:37,0
LF:16
LH:8
end_of_record
SF:lib/features/services/data/service_model.dart
DA:30,1
DA:31,1
DA:66,1
DA:67,1
DA:85,2
DA:99,4
DA:100,4
DA:101,4
DA:102,4
DA:103,2
DA:104,4
DA:105,4
DA:106,4
DA:107,2
DA:108,2
DA:109,4
DA:110,4
LF:17
LH:17
end_of_record
SF:lib/features/services/data/service_model.g.dart
DA:9,2
DA:10,1
DA:11,1
DA:12,1
DA:13,1
DA:14,1
DA:15,1
DA:16,1
DA:17,1
DA:18,1
DA:19,1
DA:20,1
DA:21,1
DA:22,2
DA:23,1
DA:24,1
DA:27,0
DA:28,0
DA:29,0
DA:30,0
DA:31,0
DA:32,0
DA:33,0
DA:34,0
DA:35,0
DA:36,0
DA:37,0
DA:38,0
DA:39,0
DA:40,0
DA:41,0
DA:42,0
DA:43,0
DA:46,1
DA:47,1
DA:48,1
DA:49,1
DA:50,1
DA:51,1
DA:52,1
DA:53,1
DA:54,1
DA:55,1
DA:56,1
DA:57,2
DA:58,1
DA:59,1
DA:60,1
DA:61,1
DA:62,2
DA:63,2
DA:64,1
DA:65,1
DA:66,1
DA:68,1
DA:69,2
DA:70,1
DA:72,1
DA:73,1
DA:74,1
DA:75,1
DA:78,0
DA:79,0
DA:80,0
DA:81,0
DA:82,0
DA:83,0
DA:84,0
DA:85,0
DA:86,0
DA:87,0
DA:88,0
DA:89,0
DA:90,0
DA:91,0
DA:92,0
DA:93,0
DA:94,0
DA:95,0
DA:96,0
DA:97,0
DA:98,0
DA:99,0
DA:100,0
DA:101,0
DA:102,0
DA:103,0
LF:87
LH:44
end_of_record
SF:lib/shared/models/paginated_response.dart
DA:24,1
DA:27,1
DA:43,1
DA:44,1
DA:51,1
DA:56,12
LF:6
LH:6
end_of_record
SF:lib/shared/models/paginated_response.g.dart
DA:9,1
DA:12,1
DA:13,3
DA:14,1
DA:15,1
DA:19,0
DA:22,0
DA:23,0
DA:24,0
DA:27,1
DA:28,1
DA:29,2
DA:30,2
DA:31,2
DA:32,2
DA:33,1
DA:34,1
DA:37,1
DA:38,1
DA:39,1
DA:40,1
DA:41,1
DA:42,1
DA:43,1
DA:44,1
LF:25
LH:21
end_of_record
SF:lib/shared/widgets/error_state.dart
DA:15,2
DA:21,2
DA:23,4
DA:24,4
DA:26,2
DA:27,2
DA:29,2
DA:31,2
DA:32,2
DA:35,2
DA:36,2
DA:39,2
DA:40,4
DA:41,4
DA:46,2
DA:47,2
DA:49,4
DA:53,2
DA:55,4
DA:57,2
DA:61,2
DA:62,2
DA:63,4
DA:64,2
DA:69,4
DA:71,2
DA:72,2
DA:88,1
DA:92,1
DA:94,2
DA:95,1
DA:97,1
DA:98,1
DA:99,1
DA:101,1
DA:102,1
DA:103,1
DA:106,1
DA:109,1
DA:110,1
DA:111,1
DA:112,4
DA:113,1
LF:43
LH:43
end_of_record
SF:lib/shared/widgets/loading_overlay.dart
DA:15,2
DA:26,2
DA:28,2
DA:29,2
DA:30,2
DA:31,2
DA:32,2
DA:33,2
DA:34,2
DA:35,2
DA:36,2
DA:38,2
DA:39,2
DA:41,2
DA:46,2
DA:48,2
DA:50,3
DA:52,1
DA:53,1
DA:54,3
DA:74,1
DA:78,1
DA:80,1
DA:81,1
DA:83,1
DA:85,2
DA:87,1
DA:88,1
DA:89,4
DA:90,3
LF:30
LH:30
end_of_record
SF:lib/shared/widgets/empty_state.dart
DA:17,2
DA:30,2
DA:32,4
DA:33,4
DA:35,2
DA:36,2
DA:38,2
DA:40,2
DA:41,2
DA:44,2
DA:45,2
DA:48,2
DA:49,4
DA:50,4
DA:55,2
DA:56,2
DA:58,4
DA:62,2
DA:63,2
DA:64,4
DA:69,4
DA:71,2
DA:72,2
DA:73,4
DA:74,2
DA:80,6
LF:26
LH:26
end_of_record
SF:lib/shared/widgets/status_badge.dart
DA:30,2
DA:49,2
DA:51,4
DA:52,4
DA:54,2
DA:55,2
DA:57,2
DA:60,2
DA:61,2
DA:68,2
DA:69,2
DA:70,2
DA:71,2
DA:73,2
DA:74,4
DA:75,2
DA:76,6
DA:78,2
DA:80,2
DA:81,8
DA:82,4
DA:83,2
DA:85,2
DA:86,2
DA:87,2
DA:101,2
DA:168,1
DA:169,1
DA:170,1
DA:172,1
DA:174,1
DA:176,1
DA:178,1
DA:180,1
DA:182,1
DA:183,1
DA:185,1
DA:187,1
DA:189,1
DA:190,1
LF:40
LH:40
end_of_record
SF:lib/shared/widgets/adaptive_form_layout.dart
DA:21,1
DA:37,2
DA:39,1
DA:41,1
DA:42,1
DA:43,3
DA:47,1
DA:49,1
DA:50,5
DA:51,3
DA:52,6
DA:59,1
DA:61,3
DA:62,2
DA:63,1
DA:64,2
DA:65,1
DA:68,7
DA:69,1
DA:70,2
DA:71,1
DA:73,1
DA:74,1
DA:76,1
DA:77,2
DA:78,2
DA:79,2
DA:83,1
DA:86,3
DA:87,3
DA:91,1
DA:99,1
DA:100,2
DA:106,1
DA:109,0
DA:110,0
LF:36
LH:34
end_of_record
SF:lib/shared/widgets/shimmer_loader.dart
DA:23,1
DA:28,1
DA:30,2
DA:32,3
DA:34,1
DA:37,1
DA:46,1
DA:57,1
DA:59,3
DA:60,1
DA:61,1
DA:62,1
DA:63,1
DA:65,2
DA:75,1
DA:79,1
DA:81,1
DA:82,1
DA:83,1
DA:84,1
DA:86,1
DA:88,1
DA:90,1
DA:91,2
DA:92,1
DA:95,1
DA:96,1
DA:98,1
DA:118,0
DA:122,0
DA:124,0
DA:125,0
DA:127,0
DA:128,0
DA:129,0
DA:130,0
DA:135,0
DA:139,0
DA:141,0
DA:144,0
DA:149,0
DA:150,0
DA:169,1
DA:174,1
DA:176,1
DA:177,1
DA:178,1
DA:179,3
DA:190,0
DA:203,0
DA:205,0
DA:207,0
DA:208,0
DA:209,0
DA:211,0
DA:212,0
DA:214,0
DA:215,0
DA:218,0
DA:222,0
DA:226,0
DA:228,0
DA:229,0
LF:63
LH:34
end_of_record
SF:lib/shared/widgets/help_tooltip.dart
DA:15,1
DA:20,1
DA:22,1
DA:23,1
DA:28,1
DA:29,3
DA:30,1
DA:32,1
DA:33,3
DA:37,1
DA:39,1
DA:40,3
DA:59,1
DA:70,1
DA:72,1
DA:73,1
DA:75,1
DA:77,1
DA:78,1
DA:79,1
DA:80,3
DA:82,2
DA:85,2
DA:87,1
DA:89,1
DA:90,2
DA:95,4
LF:27
LH:27
end_of_record
SF:lib/shared/widgets/draggable_list.dart
DA:22,1
DA:39,1
DA:41,1
DA:42,1
DA:43,1
DA:44,1
DA:45,1
DA:46,2
DA:47,1
DA:48,1
DA:49,2
DA:50,1
DA:51,2
DA:52,2
DA:58,0
DA:59,0
DA:61,0
DA:62,0
DA:63,0
DA:64,0
DA:66,0
DA:68,0
DA:71,0
DA:72,0
DA:87,0
DA:89,0
DA:91,0
DA:93,0
LF:28
LH:14
end_of_record
SF:lib/shared/widgets/confirm_dialog.dart
DA:19,1
DA:37,1
DA:46,1
DA:49,2
DA:61,1
DA:63,2
DA:64,2
DA:66,2
DA:67,1
DA:70,1
DA:71,1
DA:72,1
DA:73,1
DA:76,1
DA:77,1
DA:78,1
DA:79,1
DA:80,1
DA:86,1
DA:87,2
DA:89,1
DA:90,1
DA:91,1
DA:94,1
DA:95,1
DA:96,2
DA:97,1
DA:102,1
DA:103,1
DA:104,3
DA:105,2
DA:108,1
DA:109,3
DA:110,1
DA:111,1
DA:112,1
DA:113,1
DA:116,2
LF:38
LH:38
end_of_record
